This is e-pTeX, Version 3.14159265-p3.7.1-161114-2.6 (utf8.euc) (TeX Live 2017/Debian) (preloaded format=platex 2021.11.1)  24 JAN 2022 20:05
entering extended mode
 restricted \write18 enabled.
 file:line:error style messages enabled.
 %&-line parsing enabled.
**/home/haru/souko/thesis2021/hon/thesis.tex
(/home/haru/souko/thesis2021/hon/thesis.tex
pLaTeX2e <2017/10/28>+4 (based on LaTeX2e <2017-04-15>)
Babel <3.18> and hyphenation patterns for 26 language(s) loaded.
(/usr/share/texlive/texmf-dist/tex/platex/jsclasses/jsbook.cls
Document Class: jsbook 2017/10/04 jsclasses (okumura, texjporg)
\jsc@mpt=\dimen118
\jsc@mmm=\dimen119
\jsc@smallskipamount=\skip41
LaTeX Info: Redefining \rmfamily on input line 476.
LaTeX Info: Redefining \sffamily on input line 479.
LaTeX Info: Redefining \ttfamily on input line 482.
LaTeX Info: Redefining \textmc on input line 486.
LaTeX Info: Redefining \textgt on input line 488.
\symmincho=\mathgroup4
LaTeX Font Info:    Overwriting symbol font `mincho' in version `bold'
(Font)                  JY1/mc/m/n --> JY1/gt/m/n on input line 550.
LaTeX Font Info:    Font shape `JT1/mc/m/n' will be
(Font)              scaled to size 9.60999pt on input line 741.
LaTeX Font Info:    Font shape `JY1/mc/m/n' will be
(Font)              scaled to size 9.60999pt on input line 741.
\fullwidth=\dimen120
LaTeX Font Info:    Font shape `JT1/mc/m/n' will be
(Font)              scaled to size 7.68799pt on input line 902.
LaTeX Font Info:    Font shape `JY1/mc/m/n' will be
(Font)              scaled to size 7.68799pt on input line 902.
\c@part=\count82
\c@chapter=\count83
\c@section=\count84
\c@subsection=\count85
\c@subsubsection=\count86
\c@paragraph=\count87
\c@subparagraph=\count88
\c@figure=\count89
\c@table=\count90
\abovecaptionskip=\skip42
\belowcaptionskip=\skip43
\jsc@tocl@width=\dimen121
\@lnumwidth=\dimen122
\bibindent=\dimen123
(/usr/share/texlive/texmf-dist/tex/platex/jsclasses/jslogo.sty
Package: jslogo 2017/02/24 okumura, texjporg
LaTeX Info: Redefining \TeX on input line 94.
LaTeX Info: Redefining \LaTeX on input line 147.
LaTeX Info: Redefining \LaTeXe on input line 200.
)
\heisei=\count91
) (/usr/share/texlive/texmf-dist/tex/latex/graphics/graphicx.sty
Package: graphicx 2017/06/01 v1.1a Enhanced LaTeX Graphics (DPC,SPQR)
(/usr/share/texlive/texmf-dist/tex/latex/graphics/keyval.sty
Package: keyval 2014/10/28 v1.15 key=value parser (DPC)
\KV@toks@=\toks15
) (/usr/share/texlive/texmf-dist/tex/latex/graphics/graphics.sty
Package: graphics 2017/06/25 v1.2c Standard LaTeX Graphics (DPC,SPQR)
(/usr/share/texlive/texmf-dist/tex/latex/graphics/trig.sty
Package: trig 2016/01/03 v1.10 sin cos tan (DPC)
) (/usr/share/texlive/texmf-dist/tex/latex/graphics-cfg/graphics.cfg
File: graphics.cfg 2016/06/04 v1.11 sample graphics configuration
)
Package graphics Info: Driver file: dvipdfmx.def on input line 99.
(/usr/share/texlive/texmf-dist/tex/latex/graphics-def/dvipdfmx.def
File: dvipdfmx.def 2017/06/24 v5.0g Graphics/color driver for dvipdfmx
))
\Gin@req@height=\dimen124
\Gin@req@width=\dimen125
) (/usr/share/texlive/texmf-dist/tex/latex/graphics/color.sty
Package: color 2016/07/10 v1.1e Standard LaTeX Color (DPC)
(/usr/share/texlive/texmf-dist/tex/latex/graphics-cfg/color.cfg
File: color.cfg 2016/01/02 v1.6 sample color configuration
)
Package color Info: Driver file: dvipdfmx.def on input line 147.
(/usr/share/texlive/texmf-dist/tex/latex/graphics/dvipsnam.def
File: dvipsnam.def 2016/06/17 v3.0m Driver-dependent file (DPC,SPQR)
)) (/usr/share/texlive/texmf-dist/tex/latex/hyperref/hyperref.sty
Package: hyperref 2018/02/06 v6.86b Hypertext links for LaTeX
(/usr/share/texlive/texmf-dist/tex/generic/oberdiek/hobsub-hyperref.sty
Package: hobsub-hyperref 2016/05/16 v1.14 Bundle oberdiek, subset hyperref (HO)
(/usr/share/texlive/texmf-dist/tex/generic/oberdiek/hobsub-generic.sty
Package: hobsub-generic 2016/05/16 v1.14 Bundle oberdiek, subset generic (HO)
Package: hobsub 2016/05/16 v1.14 Construct package bundles (HO)
Package: infwarerr 2016/05/16 v1.4 Providing info/warning/error messages (HO)
Package: ltxcmds 2016/05/16 v1.23 LaTeX kernel commands for general use (HO)
Package: ifluatex 2016/05/16 v1.4 Provides the ifluatex switch (HO)
Package ifluatex Info: LuaTeX not detected.
Package: ifvtex 2016/05/16 v1.6 Detect VTeX and its facilities (HO)
Package ifvtex Info: VTeX not detected.
Package: intcalc 2016/05/16 v1.2 Expandable calculations with integers (HO)
Package: ifpdf 2017/03/15 v3.2 Provides the ifpdf switch
Package: etexcmds 2016/05/16 v1.6 Avoid name clashes with e-TeX commands (HO)
Package etexcmds Info: Could not find \expanded.
(etexcmds)             That can mean that you are not using pdfTeX 1.50 or
(etexcmds)             that some package has redefined \expanded.
(etexcmds)             In the latter case, load this package earlier.
Package: kvsetkeys 2016/05/16 v1.17 Key value parser (HO)
Package: kvdefinekeys 2016/05/16 v1.4 Define keys (HO)
Package: pdftexcmds 2018/01/21 v0.26 Utility functions of pdfTeX for LuaTeX (HO)
Package pdftexcmds Info: LuaTeX not detected.
Package pdftexcmds Info: pdfTeX >= 1.30 not detected.
Package pdftexcmds Info: \pdf@primitive is available.
Package pdftexcmds Info: \pdf@ifprimitive is available.
Package pdftexcmds Info: \pdfdraftmode not found.
Package: pdfescape 2016/05/16 v1.14 Implements pdfTeX's escape features (HO)
Package: bigintcalc 2016/05/16 v1.4 Expandable calculations on big integers (HO)
Package: bitset 2016/05/16 v1.2 Handle bit-vector datatype (HO)
Package: uniquecounter 2016/05/16 v1.3 Provide unlimited unique counter (HO)
)
Package hobsub Info: Skipping package `hobsub' (already loaded).
Package: letltxmacro 2016/05/16 v1.5 Let assignment for LaTeX macros (HO)
Package: hopatch 2016/05/16 v1.3 Wrapper for package hooks (HO)
Package: xcolor-patch 2016/05/16 xcolor patch
Package: atveryend 2016/05/16 v1.9 Hooks at the very end of document (HO)
Package atveryend Info: \enddocument detected (standard20110627).
Package: atbegshi 2016/06/09 v1.18 At begin shipout hook (HO)
Package: refcount 2016/05/16 v3.5 Data extraction from label references (HO)
Package: hycolor 2016/05/16 v1.8 Color options for hyperref/bookmark (HO)
) (/usr/share/texlive/texmf-dist/tex/generic/ifxetex/ifxetex.sty
Package: ifxetex 2010/09/12 v0.6 Provides ifxetex conditional
) (/usr/share/texlive/texmf-dist/tex/latex/oberdiek/auxhook.sty
Package: auxhook 2016/05/16 v1.4 Hooks for auxiliary files (HO)
) (/usr/share/texlive/texmf-dist/tex/latex/oberdiek/kvoptions.sty
Package: kvoptions 2016/05/16 v3.12 Key value format for package options (HO)
)
\@linkdim=\dimen126
\Hy@linkcounter=\count92
\Hy@pagecounter=\count93
(/usr/share/texlive/texmf-dist/tex/latex/hyperref/pd1enc.def
File: pd1enc.def 2018/02/06 v6.86b Hyperref: PDFDocEncoding definition (HO)
)
\Hy@SavedSpaceFactor=\count94
(/usr/share/texlive/texmf-dist/tex/latex/latexconfig/hyperref.cfg
File: hyperref.cfg 2002/06/06 v1.2 hyperref configuration of TeXLive
)
Package hyperref Info: Option `bookmarks' set `true' on input line 4383.
Package hyperref Info: Option `setpagesize' set `false' on input line 4383.
Package hyperref Info: Hyper figures OFF on input line 4509.
Package hyperref Info: Link nesting OFF on input line 4514.
Package hyperref Info: Hyper index ON on input line 4517.
Package hyperref Info: Plain pages OFF on input line 4524.
Package hyperref Info: Backreferencing OFF on input line 4529.
Package hyperref Info: Implicit mode ON; LaTeX internals redefined.
Package hyperref Info: Bookmarks ON on input line 4762.
\c@Hy@tempcnt=\count95
(/usr/share/texlive/texmf-dist/tex/latex/url/url.sty
\Urlmuskip=\muskip10
Package: url 2013/09/16  ver 3.4  Verb mode for urls, etc.
)
LaTeX Info: Redefining \url on input line 5115.
\XeTeXLinkMargin=\dimen127
\Fld@menulength=\count96
\Field@Width=\dimen128
\Fld@charsize=\dimen129
Package hyperref Info: Hyper figures OFF on input line 6369.
Package hyperref Info: Link nesting OFF on input line 6374.
Package hyperref Info: Hyper index ON on input line 6377.
Package hyperref Info: backreferencing OFF on input line 6384.
Package hyperref Info: Link coloring OFF on input line 6389.
Package hyperref Info: Link coloring with OCG OFF on input line 6394.
Package hyperref Info: PDF/A mode OFF on input line 6399.
LaTeX Info: Redefining \ref on input line 6439.
LaTeX Info: Redefining \pageref on input line 6443.
\Hy@abspage=\count97
\c@Item=\count98
\c@Hfootnote=\count99
)
Package hyperref Info: Driver: hdvipdfm.
(/usr/share/texlive/texmf-dist/tex/latex/hyperref/hdvipdfm.def
File: hdvipdfm.def 2018/02/06 v6.86b Hyperref driver for dvipdfm
\pdfm@box=\box42
\c@Hy@AnnotLevel=\count100
\HyField@AnnotCount=\count101
\Fld@listcount=\count102
\c@bookmark@seq@number=\count103
(/usr/share/texlive/texmf-dist/tex/latex/oberdiek/rerunfilecheck.sty
Package: rerunfilecheck 2016/05/16 v1.8 Rerun checks for auxiliary files (HO)
Package uniquecounter Info: New unique counter `rerunfilecheck' on input line 282.
)
\Hy@SectionHShift=\skip44
) (/usr/share/texlive/texmf-dist/tex/platex/pxjahyper/pxjahyper.sty
Package: pxjahyper 2018/01/25 v0.3c
) (/usr/share/texlive/texmf-dist/tex/latex/caption/caption.sty
Package: caption 2016/02/21 v3.3-144 Customizing captions (AR)
(/usr/share/texlive/texmf-dist/tex/latex/caption/caption3.sty
Package: caption3 2016/05/22 v1.7-166 caption3 kernel (AR)
Package caption3 Info: TeX engine: e-TeX on input line 67.
\captionmargin=\dimen130
\captionmargin@=\dimen131
\captionwidth=\dimen132
\caption@tempdima=\dimen133
\caption@indent=\dimen134
\caption@parindent=\dimen135
\caption@hangindent=\dimen136
Package caption Info: Unknown document class (or package),
(caption)             standard defaults will be used.
)

Package caption Warning: Unsupported document class (or package) detected,
(caption)                usage of the caption package is not recommended.
See the caption package documentation for explanation.

Package caption Info: \@makecaption = \long macro:#1#2->{\small \advance \leftskip .0628\linewidth \advance \rightskip .0628\linewidth \vskip \abovecaptionskip \sbox \@tempboxa {#1\hskip 1zw\relax #2}\ifdim \wd \@tempboxa <\hsize \centering \fi #1\hskip 1zw\relax #2\par \vskip \belowcaptionskip }.
\c@ContinuedFloat=\count104
Package caption Info: hyperref package is loaded.
) (/usr/share/texlive/texmf-dist/tex/latex/caption/subcaption.sty
Package: subcaption 2016/05/22 v1.1-161 Sub-captions (AR)
\c@subfigure=\count105
\c@subtable=\count106
) (./thesis.sty) (/usr/share/texlive/texmf-dist/tex/latex/here/here.sty) (/usr/share/texlive/texmf-dist/tex/latex/float/float.sty
Package: float 2001/11/08 v1.3d Float enhancements (AL)
\c@float@type=\count107
\float@exts=\toks16
\float@box=\box43
\@float@everytoks=\toks17
\@floatcapt=\box44
) (out/thesis.aux)
\openout1 = `thesis.aux'.

LaTeX Font Info:    Checking defaults for OML/cmm/m/it on input line 44.
LaTeX Font Info:    ... okay on input line 44.
LaTeX Font Info:    Checking defaults for T1/cmr/m/n on input line 44.
LaTeX Font Info:    ... okay on input line 44.
LaTeX Font Info:    Checking defaults for OT1/cmr/m/n on input line 44.
LaTeX Font Info:    ... okay on input line 44.
LaTeX Font Info:    Checking defaults for OMS/cmsy/m/n on input line 44.
LaTeX Font Info:    ... okay on input line 44.
LaTeX Font Info:    Checking defaults for OMX/cmex/m/n on input line 44.
LaTeX Font Info:    ... okay on input line 44.
LaTeX Font Info:    Checking defaults for U/cmr/m/n on input line 44.
LaTeX Font Info:    ... okay on input line 44.
LaTeX Font Info:    Checking defaults for JY1/mc/m/n on input line 44.
LaTeX Font Info:    ... okay on input line 44.
LaTeX Font Info:    Checking defaults for JT1/mc/m/n on input line 44.
LaTeX Font Info:    ... okay on input line 44.
LaTeX Font Info:    Checking defaults for PD1/pdf/m/n on input line 44.
LaTeX Font Info:    ... okay on input line 44.
\AtBeginShipoutBox=\box45
Package hyperref Info: Link coloring OFF on input line 44.
(/usr/share/texlive/texmf-dist/tex/latex/hyperref/nameref.sty
Package: nameref 2016/05/21 v2.44 Cross-referencing by name of section
(/usr/share/texlive/texmf-dist/tex/generic/oberdiek/gettitlestring.sty
Package: gettitlestring 2016/05/16 v1.5 Cleanup title references (HO)
)
\c@section@level=\count108
)
LaTeX Info: Redefining \ref on input line 44.
LaTeX Info: Redefining \pageref on input line 44.
LaTeX Info: Redefining \nameref on input line 44.
(./thesis.out) (./thesis.out)
\@outlinefile=\write3
\openout3 = `thesis.out'.


Package hyperref Warning: Rerun to get /PageLabels entry.

Package caption Info: Begin \AtBeginDocument code.
Package caption Info: float package is loaded.
Package caption Info: End \AtBeginDocument code.
\openout2 = `frontmatter/main.aux'.

(./frontmatter/main.tex
LaTeX Font Info:    Font shape `JT1/mc/m/n' will be
(Font)              scaled to size 16.60605pt on input line 1.
LaTeX Font Info:    Font shape `JY1/mc/m/n' will be
(Font)              scaled to size 16.60605pt on input line 1.
LaTeX Font Info:    Font shape `JT1/mc/bx/n' in size <17.28> not available
(Font)              Font shape `JT1/gt/m/n' tried instead on input line 1.
LaTeX Font Info:    Font shape `JT1/gt/m/n' will be
(Font)              scaled to size 16.60605pt on input line 1.
LaTeX Font Info:    Font shape `JY1/mc/bx/n' in size <17.28> not available
(Font)              Font shape `JY1/gt/m/n' tried instead on input line 1.
LaTeX Font Info:    Font shape `JY1/gt/m/n' will be
(Font)              scaled to size 16.60605pt on input line 1.

Overfull \hbox (3.38622pt too wide) in paragraph at lines 1--1
 [][] 
 []

LaTeX Font Info:    Font shape `JT1/mc/m/n' will be
(Font)              scaled to size 13.83836pt on input line 1.
LaTeX Font Info:    Font shape `JY1/mc/m/n' will be
(Font)              scaled to size 13.83836pt on input line 1.
[1



] [2

] (./frontmatter/abstract.tex
LaTeX Font Info:    Font shape `JT1/mc/m/n' will be
(Font)              scaled to size 23.90964pt on input line 2.
LaTeX Font Info:    Font shape `JY1/mc/m/n' will be
(Font)              scaled to size 23.90964pt on input line 2.
LaTeX Font Info:    Font shape `JT1/gt/m/n' will be
(Font)              scaled to size 23.90964pt on input line 2.
LaTeX Font Info:    Font shape `JY1/gt/m/n' will be
(Font)              scaled to size 23.90964pt on input line 2.
[3


]
Overfull \hbox (29.76373pt too wide) in paragraph at lines 30--31
 [] 
 []

)
LaTeX Font Info:    Font shape `JT1/gt/m/n' will be
(Font)              scaled to size 9.60999pt on input line 5.
LaTeX Font Info:    Font shape `JY1/gt/m/n' will be
(Font)              scaled to size 9.60999pt on input line 5.
[4

]

Package hyperref Warning: old toc file detected, not used; run LaTeX again.

\tf@toc=\write4
\openout4 = `thesis.toc'.

LaTeX Font Info:    Font shape `JT1/mc/bx/n' in size <10> not available
(Font)              Font shape `JT1/gt/m/n' tried instead on input line 7.
LaTeX Font Info:    Font shape `JT1/gt/m/n' will be
(Font)              scaled to size 9.60999pt on input line 7.
LaTeX Font Info:    Font shape `JY1/mc/bx/n' in size <10> not available
(Font)              Font shape `JY1/gt/m/n' tried instead on input line 7.
LaTeX Font Info:    Font shape `JY1/gt/m/n' will be
(Font)              scaled to size 9.60999pt on input line 7.
[5

]

Package hyperref Warning: old lof file detected, not used; run LaTeX again.

\tf@lof=\write5
\openout5 = `thesis.lof'.

[6

]

Package hyperref Warning: old lot file detected, not used; run LaTeX again.

\tf@lot=\write6
\openout6 = `thesis.lot'.

) [7

]
\openout2 = `tex/introduction.aux'.

(./tex/introduction.tex
第1章
LaTeX Font Info:    Font shape `JT1/mc/m/n' will be
(Font)              scaled to size 19.9311pt on input line 1.
LaTeX Font Info:    Font shape `JY1/mc/m/n' will be
(Font)              scaled to size 19.9311pt on input line 1.
LaTeX Font Info:    Font shape `JT1/gt/m/n' will be
(Font)              scaled to size 19.9311pt on input line 1.
LaTeX Font Info:    Font shape `JY1/gt/m/n' will be
(Font)              scaled to size 19.9311pt on input line 1.
LaTeX Font Info:    Font shape `JT1/gt/m/n' will be
(Font)              scaled to size 13.83836pt on input line 2.
LaTeX Font Info:    Font shape `JY1/gt/m/n' will be
(Font)              scaled to size 13.83836pt on input line 2.

LaTeX Warning: Citation `Nvidia' on page 1 undefined on input line 7.


LaTeX Warning: Reference `fig::nvidia' on page 1 undefined on input line 8.

File: ./figs/EndtoEnd_Learning_for_Self-Driving_Cars.pdf Graphic file (type pdf)
<./figs/EndtoEnd_Learning_for_Self-Driving_Cars.pdf>
LaTeX Font Info:    Font shape `JT1/mc/m/n' will be
(Font)              scaled to size 8.64899pt on input line 14.
LaTeX Font Info:    Font shape `JY1/mc/m/n' will be
(Font)              scaled to size 8.64899pt on input line 14.
LaTeX Font Info:    Font shape `JT1/mc/bx/n' in size <9> not available
(Font)              Font shape `JT1/gt/m/n' tried instead on input line 14.
LaTeX Font Info:    Font shape `JT1/gt/m/n' will be
(Font)              scaled to size 8.64899pt on input line 14.
LaTeX Font Info:    Font shape `JY1/mc/bx/n' in size <9> not available
(Font)              Font shape `JY1/gt/m/n' tried instead on input line 14.
LaTeX Font Info:    Font shape `JY1/gt/m/n' will be
(Font)              scaled to size 8.64899pt on input line 14.

LaTeX Warning: Citation `Nvidia' on page 1 undefined on input line 14.


LaTeX Warning: Citation `Nvidia' on page 1 undefined on input line 14.

[1




]

LaTeX Warning: Citation `okada' on page 2 undefined on input line 19.


LaTeX Warning: Reference `fig::okada' on page 2 undefined on input line 19.


LaTeX Warning: Reference `fig::okada_sys' on page 2 undefined on input line 21.

File: ./figs/okada_sys.png Graphic file (type bmp)
<./figs/okada_sys.png>

LaTeX Warning: Citation `okada' on page 2 undefined on input line 27.


LaTeX Warning: Citation `okada' on page 2 undefined on input line 27.

File: ./figs/okada.png Graphic file (type bmp)
<./figs/okada.png>

LaTeX Warning: Citation `okada' on page 2 undefined on input line 34.


LaTeX Warning: Citation `okada' on page 2 undefined on input line 34.

LaTeX Font Info:    External font `cmex10' loaded for size
(Font)              <7> on input line 38.
LaTeX Font Info:    External font `cmex10' loaded for size
(Font)              <5> on input line 38.
LaTeX Font Info:    Font shape `JY1/mc/m/n' will be
(Font)              scaled to size 6.72699pt on input line 38.
LaTeX Font Info:    Font shape `JY1/mc/m/n' will be
(Font)              scaled to size 4.805pt on input line 38.
[2]

LaTeX Warning: Citation `okada' on page 3 undefined on input line 41.


LaTeX Warning: Reference `fig::bunki' on page 3 undefined on input line 41.

File: ./figs/bunki.pdf Graphic file (type pdf)
<./figs/bunki.pdf>
[3]

LaTeX Warning: Reference `fig::topo' on page 4 undefined on input line 55.


LaTeX Warning: Reference `fig::sina' on page 4 undefined on input line 57.

File: ./figs/topo.png Graphic file (type bmp)
<./figs/topo.png>

LaTeX Warning: Citation `simada' on page 4 undefined on input line 63.


LaTeX Warning: Citation `simada' on page 4 undefined on input line 63.

File: ./figs/sina.png Graphic file (type bmp)
<./figs/sina.png>

LaTeX Warning: Citation `simada' on page 4 undefined on input line 69.


LaTeX Warning: Citation `simada' on page 4 undefined on input line 69.

[4] [5]

LaTeX Warning: Citation `razikon' on page 6 undefined on input line 86.


LaTeX Warning: Reference `fig::Conditional_Imitation_Learning' on page 6 undefined on input line 87.

File: ./figs/End-to-end_Driving_via_Conditional_Imitation_Learning.pdf Graphic file (type pdf)
<./figs/End-to-end_Driving_via_Conditional_Imitation_Learning.pdf>

LaTeX Warning: Citation `razikon' on page 6 undefined on input line 92.


LaTeX Warning: Citation `razikon' on page 6 undefined on input line 92.


LaTeX Warning: Citation `nagoya' on page 6 undefined on input line 96.


LaTeX Warning: Reference `fig::nagoyaabst' on page 6 undefined on input line 96.

File: ./figs/End-to-End_Navigation_with_Branch_Turning_Support_using_Convolutional_Neural_Network_abst.pdf Graphic file (type pdf)
<./figs/End-to-End_Navigation_with_Branch_Turning_Support_using_Convolutional_Neural_Network_abst.pdf>

LaTeX Warning: Citation `nagoya' on page 6 undefined on input line 103.


LaTeX Warning: Citation `nagoya' on page 6 undefined on input line 103.

[6]) [7]
\openout2 = `tex/element_technology.aux'.

(./tex/element_technology.tex
第2章

LaTeX Warning: Reference `fig::network' on page 8 undefined on input line 8.

File: ./figs/net.pdf Graphic file (type pdf)
<./figs/net.pdf>

LaTeX Warning: Reference `fig::e2e' on page 8 undefined on input line 19.

[8



]
File: ./figs/e2e.pdf Graphic file (type pdf)
<./figs/e2e.pdf>
[9]

LaTeX Warning: Citation `Imagenet' on page 10 undefined on input line 46.


LaTeX Warning: Reference `fig::alex' on page 10 undefined on input line 46.

File: ./figs/alex.pdf Graphic file (type pdf)
<./figs/alex.pdf>

LaTeX Warning: Citation `Imagenet' on page 10 undefined on input line 56.


LaTeX Warning: Citation `Imagenet' on page 10 undefined on input line 56.

[10]

LaTeX Warning: Citation `navigation:online' on page 11 undefined on input line 65.


LaTeX Warning: Reference `fig::mapbase' on page 11 undefined on input line 66.

File: ./figs/mapbased.png Graphic file (type bmp)
<./figs/mapbased.png>
[11]

LaTeX Warning: Reference `fig::okada_method_ler' on page 12 undefined on input line 100.

File: ./figs/system_learning_okada.pdf Graphic file (type pdf)
<./figs/system_learning_okada.pdf>
[12]

LaTeX Warning: Reference `tb::camera_ang' on page 13 undefined on input line 114.


LaTeX Warning: Reference `fig::okada_path' on page 13 undefined on input line 127.

File: ./figs/okada_path.png Graphic file (type bmp)
<./figs/okada_path.png>

LaTeX Warning: Citation `okada' on page 13 undefined on input line 131.


LaTeX Warning: Citation `okada' on page 13 undefined on input line 131.

[13]

LaTeX Warning: Reference `fig::okada_method_test' on page 14 undefined on input line 136.

File: ./figs/okada_method_test.pdf Graphic file (type pdf)
<./figs/okada_method_test.pdf>
) [14]
\openout2 = `tex/method.aux'.

(./tex/method.tex
第3章
[15



]

LaTeX Warning: Reference `fig::learningsystem' on page 16 undefined on input line 68.


LaTeX Warning: Reference `fig::learning_abs' on page 16 undefined on input line 70.

File: ./figs/system_learning.pdf Graphic file (type pdf)
<./figs/system_learning.pdf>
File: ./figs/ler_abs.pdf Graphic file (type pdf)
<./figs/ler_abs.pdf>
[16]

LaTeX Warning: Reference `fig::testsystem' on page 17 undefined on input line 88.


LaTeX Warning: Reference `fig::test_abs' on page 17 undefined on input line 90.

File: ./figs/system_test.pdf Graphic file (type pdf)
<./figs/system_test.pdf>
File: ./figs/test_abs.pdf Graphic file (type pdf)
<./figs/test_abs.pdf>
[17]

LaTeX Warning: Reference `fig::cmd_4' on page 18 undefined on input line 121.

File: ./figs/cmd_4.pdf Graphic file (type pdf)
<./figs/cmd_4.pdf>

LaTeX Warning: Reference `tb:command_4' on page 18 undefined on input line 133.

[18]

LaTeX Warning: Reference `fig::methodnetwork' on page 19 undefined on input line 168.


LaTeX Warning: Reference `tb::param' on page 19 undefined on input line 169.

File: ./figs/network.pdf Graphic file (type pdf)
<./figs/network.pdf>
) [19]
\openout2 = `tex/experiment.aux'.

(./tex/experiment.tex
第4章

LaTeX Warning: Citation `gazebo:online' on page 20 undefined on input line 7.


LaTeX Warning: Citation `turtlebot3:online' on page 20 undefined on input line 8.


LaTeX Warning: Reference `fig::turtlebot3' on page 20 undefined on input line 9.

File: ./figs/3_camera.png Graphic file (type bmp)
<./figs/3_camera.png>
[20



] [21]
LaTeX Font Info:    Font shape `JT1/mc/m/n' will be
(Font)              scaled to size 11.53198pt on input line 38.
LaTeX Font Info:    Font shape `JY1/mc/m/n' will be
(Font)              scaled to size 11.53198pt on input line 38.
LaTeX Font Info:    Font shape `JT1/gt/m/n' will be
(Font)              scaled to size 11.53198pt on input line 38.
LaTeX Font Info:    Font shape `JY1/gt/m/n' will be
(Font)              scaled to size 11.53198pt on input line 38.

LaTeX Warning: Reference `fig::zyuzi' on page 22 undefined on input line 39.

File: ./figs/zyuziroute.pdf Graphic file (type pdf)
<./figs/zyuziroute.pdf>

LaTeX Warning: Reference `tb::exp1suc' on page 22 undefined on input line 74.


LaTeX Warning: Reference `fig::exp1_result' on page 22 undefined on input line 76.

[22]
File: ./figs/exp1_result.png Graphic file (type bmp)
<./figs/exp1_result.png>
[23]

LaTeX Warning: Reference `fig::hatinozi' on page 24 undefined on input line 119.

File: ./figs/coli.png Graphic file (type bmp)
<./figs/coli.png>
[24]

LaTeX Warning: Reference `fig::exp2route' on page 25 undefined on input line 128.

File: ./figs/8nozi_route-r1.pdf Graphic file (type pdf)
<./figs/8nozi_route-r1.pdf>
File: ./figs/8nozi_route-r2.pdf Graphic file (type pdf)
<./figs/8nozi_route-r2.pdf>
File: ./figs/8nozi_route-r3.pdf Graphic file (type pdf)
<./figs/8nozi_route-r3.pdf>
File: ./figs/8nozi_route-r4.pdf Graphic file (type pdf)
<./figs/8nozi_route-r4.pdf>
File: ./figs/8nozi_route-r5.pdf Graphic file (type pdf)
<./figs/8nozi_route-r5.pdf>
File: ./figs/8nozi_route-r6.pdf Graphic file (type pdf)
<./figs/8nozi_route-r6.pdf>
File: ./figs/8nizi_cap.pdf Graphic file (type pdf)
<./figs/8nizi_cap.pdf>

Overfull \hbox (18.66666pt too wide) in paragraph at lines 132--175
[][][][] 
 []

[25]

LaTeX Warning: Reference `tb::exp2suc' on page 26 undefined on input line 182.


LaTeX Warning: Reference `fig::exp2_result' on page 26 undefined on input line 184.

File: ./figs/exp2_result.png Graphic file (type bmp)
<./figs/exp2_result.png>
) [26]
\openout2 = `tex/conclusion.aux'.

(./tex/conclusion.tex
第5章

LaTeX Warning: Citation `okada' on page 27 undefined on input line 4.

) [27



]
\openout2 = `backmatter/main.aux'.

(./backmatter/main.tex (./thesis.bbl
Missing character: There is no ^^e2 in font cmr10!
Missing character: There is no ^^80 in font cmr10!
Missing character: There is no ^^93 in font cmr10!
Missing character: There is no ^^e2 in font cmr10!
Missing character: There is no ^^80 in font cmr10!
Missing character: There is no ^^93 in font cmr10!
Missing character: There is no ^^e2 in font cmr10!
Missing character: There is no ^^80 in font cmr10!
Missing character: There is no ^^93 in font cmr10!
LaTeX Font Info:    Font shape `JT1/gt/m/it' in size <10> not available
(Font)              Font shape `JT1/gt/m/n' tried instead on input line 31.
LaTeX Font Info:    Font shape `JT1/gt/m/n' will be
(Font)              scaled to size 9.60999pt on input line 31.
LaTeX Font Info:    Font shape `JY1/gt/m/it' in size <10> not available
(Font)              Font shape `JY1/gt/m/n' tried instead on input line 31.
LaTeX Font Info:    Font shape `JY1/gt/m/n' will be
(Font)              scaled to size 9.60999pt on input line 31.
[28




]) (./backmatter/acknowledgement.tex [29])) [30

]
Package atveryend Info: Empty hook `BeforeClearDocument' on input line 76.
Package atveryend Info: Empty hook `AfterLastShipout' on input line 76.
(out/thesis.aux (out/frontmatter/main.aux) (out/tex/introduction.aux) (out/tex/element_technology.aux) (out/tex/method.aux) (out/tex/experiment.aux) (out/tex/conclusion.aux) (out/backmatter/main.aux))
Package atveryend Info: Empty hook `AtVeryEndDocument' on input line 76.
Package atveryend Info: Executing hook `AtEndAfterFileList' on input line 76.

Package rerunfilecheck Warning: File `thesis.out' has changed.
(rerunfilecheck)                Rerun to get outlines right
(rerunfilecheck)                or use package `bookmark'.

Package rerunfilecheck Info: Checksums for `thesis.out':
(rerunfilecheck)             Before: D41D8CD98F00B204E9800998ECF8427E;0
(rerunfilecheck)             After:  89F4A51CAF24D2E794FC4E7F69D07266;1801.

LaTeX Warning: There were undefined references.


LaTeX Warning: Label(s) may have changed. Rerun to get cross-references right.

Package atveryend Info: Empty hook `AtVeryVeryEnd' on input line 76.
 ) 
Here is how much of TeX's memory you used:
 6792 strings out of 494735
 103739 string characters out of 6176126
 185889 words of memory out of 5000000
 10172 multiletter control sequences out of 15000+600000
 16969 words of font info for 80 fonts, out of 8000000 for 9000
 269 hyphenation exceptions out of 8191
 36i,15n,41p,321b,687s stack positions out of 5000i,500n,10000p,200000b,80000s

Output written on out/thesis.dvi (37 pages, 56516 bytes).
