%このファイルは日本語文字を含みます.
\BOOKMARK [0][-]{chapter.1}{序論}{}% 1
\BOOKMARK [1][-]{section.1.1}{背景}{chapter.1}% 2
\BOOKMARK [1][-]{section.1.2}{目的}{chapter.1}% 3
\BOOKMARK [1][-]{section.1.3}{論文構成}{chapter.1}% 4
\BOOKMARK [0][-]{chapter.2}{要素技術}{}% 5
\BOOKMARK [1][-]{section.2.1}{Deep learning}{chapter.2}% 6
\BOOKMARK [1][-]{section.2.2}{End-to-End学習}{chapter.2}% 7
\BOOKMARK [1][-]{section.2.3}{Convolition Neual Network}{chapter.2}% 8
\BOOKMARK [1][-]{section.2.4}{地図ベースの制御器}{chapter.2}% 9
\BOOKMARK [1][-]{section.2.5}{従来手法}{chapter.2}% 10
\BOOKMARK [0][-]{chapter.3}{提案手法}{}% 11
\BOOKMARK [1][-]{section.3.1}{提案手法の概要}{chapter.3}% 12
\BOOKMARK [1][-]{section.3.2}{学習フェーズ}{chapter.3}% 13
\BOOKMARK [1][-]{section.3.3}{テストフェーズ}{chapter.3}% 14
\BOOKMARK [1][-]{section.3.4}{目標方向}{chapter.3}% 15
\BOOKMARK [1][-]{section.3.5}{ネットワーク構造}{chapter.3}% 16
\BOOKMARK [0][-]{chapter.4}{実験}{}% 17
\BOOKMARK [1][-]{section.4.1}{実験目的}{chapter.4}% 18
\BOOKMARK [1][-]{section.4.2}{実験環境}{chapter.4}% 19
\BOOKMARK [1][-]{section.4.3}{実験方法}{chapter.4}% 20
\BOOKMARK [1][-]{section.4.4}{実験条件}{chapter.4}% 21
\BOOKMARK [1][-]{section.4.5}{実験1 十字路}{chapter.4}% 22
\BOOKMARK [2][-]{subsection.4.5.1}{実験環境}{section.4.5}% 23
\BOOKMARK [2][-]{subsection.4.5.2}{評価}{section.4.5}% 24
\BOOKMARK [1][-]{section.4.6}{実験2 -8の字-}{chapter.4}% 25
\BOOKMARK [2][-]{subsection.4.6.1}{実験環境}{section.4.6}% 26
\BOOKMARK [2][-]{subsection.4.6.2}{評価}{section.4.6}% 27
\BOOKMARK [0][-]{chapter.5}{結論}{}% 28
\BOOKMARK [0][-]{chapter*.36}{謝辞}{}% 29
