This is e-upTeX, Version 3.14159265-p3.8.3-u1.26-191112-2.6 (utf8.uptex) (TeX Live 2020) (preloaded format=uplatex 2020.12.25)  28 DEC 2020 03:35
entering extended mode
 restricted \write18 enabled.
 file:line:error style messages enabled.
 %&-line parsing enabled.
**acknowledgement.tex
(./acknowledgement.tex
pLaTeX2e <2020-10-01u04>+1 (based on LaTeX2e <2020-10-01> patch level 2)
L3 programming layer <2020-12-07> xparse <2020-03-03>
./acknowledgement.tex:1: Undefined control sequence.
l.1 \chapter
            *{謝辞}
The control sequence at the end of the top line
of your error message was never \def'ed. If you have
misspelled it (e.g., `\hobx'), type `I' and the correct
spelling (e.g., `I\hbox'). Otherwise just continue,
and I'll forget about whatever was undefined.


./acknowledgement.tex:1: LaTeX Error: Missing \begin{document}.

See the LaTeX manual or LaTeX Companion for explanation.
Type  H <return>  for immediate help.
 ...                                              
                                                  
l.1 \chapter*
             {謝辞}
You're in trouble here.  Try typing  <return>  to proceed.
If that doesn't work, type  X <return>  to quit.


Overfull \hbox (25.00002pt too wide) in paragraph at lines 1--5
[]\OT1/cmr/m/n/10 *
 []


Overfull \hbox (9.6222pt too wide) in paragraph at lines 1--5
\JY2/mc/m/n/10 謝
 []


Overfull \hbox (19.24438pt too wide) in paragraph at lines 1--5
\JY2/mc/m/n/10 辞[]学
 []


Overfull \hbox (9.6222pt too wide) in paragraph at lines 1--5
\JY2/mc/m/n/10 習
 []


Overfull \hbox (9.6222pt too wide) in paragraph at lines 1--5
\JY2/mc/m/n/10 結
 []


Overfull \hbox (9.6222pt too wide) in paragraph at lines 1--5
\JY2/mc/m/n/10 果
 []


Overfull \hbox (9.6222pt too wide) in paragraph at lines 1--5
\JY2/mc/m/n/10 か
 []


Overfull \hbox (9.6222pt too wide) in paragraph at lines 1--5
\JY2/mc/m/n/10 ら
 []


Overfull \hbox (9.6222pt too wide) in paragraph at lines 1--5
\JY2/mc/m/n/10 得
 []


Overfull \hbox (9.6222pt too wide) in paragraph at lines 1--5
\JY2/mc/m/n/10 ら
 []


Overfull \hbox (9.6222pt too wide) in paragraph at lines 1--5
\JY2/mc/m/n/10 れ
 []


Overfull \hbox (9.6222pt too wide) in paragraph at lines 1--5
\JY2/mc/m/n/10 た
 []


Overfull \hbox (9.6222pt too wide) in paragraph at lines 1--5
\JY2/mc/m/n/10 重
 []


Overfull \hbox (9.6222pt too wide) in paragraph at lines 1--5
\JY2/mc/m/n/10 み
 []


Overfull \hbox (12.39998pt too wide) in paragraph at lines 1--5
\JY2/mc/m/n/10 で\OT1/cmr/m/n/10 ,
 []


Overfull \hbox (9.6222pt too wide) in paragraph at lines 1--5
\JY2/mc/m/n/10 移
 []


Overfull \hbox (9.6222pt too wide) in paragraph at lines 1--5
\JY2/mc/m/n/10 動
 []


Overfull \hbox (9.6222pt too wide) in paragraph at lines 1--5
\JY2/mc/m/n/10 ロ
 []


Overfull \hbox (9.6222pt too wide) in paragraph at lines 1--5
\JY2/mc/m/n/10 ボ
 []


Overfull \hbox (9.6222pt too wide) in paragraph at lines 1--5
\JY2/mc/m/n/10 ッ
 []


Overfull \hbox (9.6222pt too wide) in paragraph at lines 1--5
\JY2/mc/m/n/10 ト
 []


Overfull \hbox (9.6222pt too wide) in paragraph at lines 1--5
\JY2/mc/m/n/10 に
 []


Overfull \hbox (9.6222pt too wide) in paragraph at lines 1--5
\JY2/mc/m/n/10 ド
 []


Overfull \hbox (9.6222pt too wide) in paragraph at lines 1--5
\JY2/mc/m/n/10 リ
 []


Overfull \hbox (9.6222pt too wide) in paragraph at lines 1--5
\JY2/mc/m/n/10 ブ
 []


Overfull \hbox (9.6222pt too wide) in paragraph at lines 1--5
\JY2/mc/m/n/10 ル
 []


Overfull \hbox (9.6222pt too wide) in paragraph at lines 1--5
\JY2/mc/m/n/10 を
 []


Overfull \hbox (9.6222pt too wide) in paragraph at lines 1--5
\JY2/mc/m/n/10 行
 []


Overfull \hbox (9.6222pt too wide) in paragraph at lines 1--5
\JY2/mc/m/n/10 わ
 []


Overfull \hbox (9.6222pt too wide) in paragraph at lines 1--5
\JY2/mc/m/n/10 せ
 []


Overfull \hbox (9.6222pt too wide) in paragraph at lines 1--5
\JY2/mc/m/n/10 た
 []


Overfull \hbox (9.6222pt too wide) in paragraph at lines 1--5
\JY2/mc/m/n/10 際
 []


Overfull \hbox (9.6222pt too wide) in paragraph at lines 1--5
\JY2/mc/m/n/10 の
 []


Overfull \hbox (9.6222pt too wide) in paragraph at lines 1--5
\JY2/mc/m/n/10 資
 []


Overfull \hbox (9.6222pt too wide) in paragraph at lines 1--5
\JY2/mc/m/n/10 料
 []


Overfull \hbox (9.6222pt too wide) in paragraph at lines 1--5
\JY2/mc/m/n/10 動
 []


Overfull \hbox (9.6222pt too wide) in paragraph at lines 1--5
\JY2/mc/m/n/10 画
 []


Overfull \hbox (9.6222pt too wide) in paragraph at lines 1--5
\JY2/mc/m/n/10 で
 []


Overfull \hbox (12.39998pt too wide) in paragraph at lines 1--5
\JY2/mc/m/n/10 す\OT1/cmr/m/n/10 . 
 []


./acknowledgement.tex:6: LaTeX Error: Missing \begin{document}.

See the LaTeX manual or LaTeX Companion for explanation.
Type  H <return>  for immediate help.
 ...                                              
                                                  
l.6 実
       験1の結果\\
You're in trouble here.  Try typing  <return>  to proceed.
If that doesn't work, type  X <return>  to quit.


Overfull \hbox (29.6222pt too wide) in paragraph at lines 6--8
[]\JY2/mc/m/n/10 実
 []


Overfull \hbox (9.6222pt too wide) in paragraph at lines 6--8
\JY2/mc/m/n/10 験
 []


Overfull \hbox (5.00002pt too wide) in paragraph at lines 6--8
\OT1/cmr/m/n/10 1
 []


Overfull \hbox (9.6222pt too wide) in paragraph at lines 6--8
\JY2/mc/m/n/10 の
 []


Overfull \hbox (9.6222pt too wide) in paragraph at lines 6--8
\JY2/mc/m/n/10 結
 []


Overfull \hbox (9.6222pt too wide) in paragraph at lines 6--8
\JY2/mc/m/n/10 果 
 []


Overfull \hbox (140.47258pt too wide) in paragraph at lines 6--8
[]\OT1/cmr/m/n/10 https://youtu.be/aTAcS6ppBog 
 []


./acknowledgement.tex:9: LaTeX Error: Missing \begin{document}.

See the LaTeX manual or LaTeX Companion for explanation.
Type  H <return>  for immediate help.
 ...                                              
                                                  
l.9 実
       験2の結果\\
You're in trouble here.  Try typing  <return>  to proceed.
If that doesn't work, type  X <return>  to quit.


Overfull \hbox (29.6222pt too wide) in paragraph at lines 9--11
[]\JY2/mc/m/n/10 実
 []


Overfull \hbox (9.6222pt too wide) in paragraph at lines 9--11
\JY2/mc/m/n/10 験
 []


Overfull \hbox (5.00002pt too wide) in paragraph at lines 9--11
\OT1/cmr/m/n/10 2
 []


Overfull \hbox (9.6222pt too wide) in paragraph at lines 9--11
\JY2/mc/m/n/10 の
 []


Overfull \hbox (9.6222pt too wide) in paragraph at lines 9--11
\JY2/mc/m/n/10 結
 []


Overfull \hbox (9.6222pt too wide) in paragraph at lines 9--11
\JY2/mc/m/n/10 果 
 []


Overfull \hbox (136.37535pt too wide) in paragraph at lines 9--11
[]\OT1/cmr/m/n/10 https://youtu.be/GLhenu6ki8o 
 []


./acknowledgement.tex:12: LaTeX Error: Missing \begin{document}.

See the LaTeX manual or LaTeX Companion for explanation.
Type  H <return>  for immediate help.
 ...                                              
                                                  
l.12 実
        験3の結果\\
You're in trouble here.  Try typing  <return>  to proceed.
If that doesn't work, type  X <return>  to quit.

)
! Emergency stop.
<*> acknowledgement.tex
                       
*** (job aborted, no legal \end found)

 
Here is how much of TeX's memory you used:
 16 strings out of 479847
 340 string characters out of 5881593
 275115 words of memory out of 5000000
 17437 multiletter control sequences out of 15000+600000
 406071 words of font info for 45 fonts, out of 8000000 for 9000
 929 hyphenation exceptions out of 8191
 20i,1n,25p,136b,17s stack positions out of 5000i,500n,10000p,200000b,80000s
No pages of output.
