This is e-upTeX, Version 3.14159265-p3.8.3-u1.26-191112-2.6 (utf8.uptex) (TeX Live 2020) (preloaded format=uplatex 2020.12.25)  25 DEC 2020 21:13
entering extended mode
 restricted \write18 enabled.
 file:line:error style messages enabled.
 %&-line parsing enabled.
**main.tex
(./main.tex
pLaTeX2e <2020-10-01u04>+1 (based on LaTeX2e <2020-10-01> patch level 2)
L3 programming layer <2020-12-07> xparse <2020-03-03>
./main.tex:1: Undefined control sequence.
l.1 \maketitle
              
The control sequence at the end of the top line
of your error message was never \def'ed. If you have
misspelled it (e.g., `\hobx'), type `I' and the correct
spelling (e.g., `I\hbox'). Otherwise just continue,
and I'll forget about whatever was undefined.


! LaTeX Error: File `frontmatter/abstract.tex' not found.

Type X to quit or <RETURN> to proceed,
or enter new name. (Default extension: tex)

Enter file name: 
./main.tex:3: Emergency stop.
<read *> 
         
l.3 \input{frontmatter/abstract}
                                ^^M
*** (cannot \read from terminal in nonstop modes)

 
Here is how much of TeX's memory you used:
 19 strings out of 479847
 336 string characters out of 5881593
 274115 words of memory out of 5000000
 17438 multiletter control sequences out of 15000+600000
 406071 words of font info for 45 fonts, out of 8000000 for 9000
 929 hyphenation exceptions out of 8191
 23i,0n,28p,71b,13s stack positions out of 5000i,500n,10000p,200000b,80000s
No pages of output.
